[    0.000000] Initializing cgroup subsys cpuset
[    0.000000] Initializing cgroup subsys cpu
[    0.000000] Initializing cgroup subsys cpuacct
[    0.000000] Linux version 4.4.0-89-generic (buildd@lgw01-18) (gcc version 5.4.0 20160609 (Ubuntu 5.4.0-6ubuntu1~16.04.4) ) #112-Ubuntu SMP Mon Jul 31 19:38:41 UTC 2017 (Ubuntu 4.4.0-89.112-generic 4.4.76)
[    0.000000] Command line: BOOT_IMAGE=/boot/vmlinuz-4.4.0-89-generic root=UUID=f53af1c0-423f-4345-a0b4-939608892a62 ro console=tty1 console=ttyS0
[    0.000000] KERNEL supported cpus:
[    0.000000]   Intel GenuineIntel
[    0.000000]   AMD AuthenticAMD
[    0.000000]   Centaur CentaurHauls
[    0.000000] x86/fpu: xstate_offset[2]:  576, xstate_sizes[2]:  256
[    0.000000] x86/fpu: Supporting XSAVE feature 0x01: 'x87 floating point registers'
[    0.000000] x86/fpu: Supporting XSAVE feature 0x02: 'SSE registers'
[    0.000000] x86/fpu: Supporting XSAVE feature 0x04: 'AVX registers'
[    0.000000] x86/fpu: Enabled xstate features 0x7, context size is 832 bytes, using 'standard' format.
[    0.000000] x86/fpu: Using 'lazy' FPU context switches.
[    0.000000] e820: BIOS-provided physical RAM map:
[    0.000000] BIOS-e820: [mem 0x0000000000000000-0x000000000009fbff] usable
[    0.000000] BIOS-e820: [mem 0x000000000009fc00-0x000000000009ffff] reserved
[    0.000000] BIOS-e820: [mem 0x00000000000f0000-0x00000000000fffff] reserved
[    0.000000] BIOS-e820: [mem 0x0000000000100000-0x000000007ffeffff] usable
[    0.000000] BIOS-e820: [mem 0x000000007fff0000-0x000000007fffffff] ACPI data
[    0.000000] BIOS-e820: [mem 0x00000000fec00000-0x00000000fec00fff] reserved
[    0.000000] BIOS-e820: [mem 0x00000000fee00000-0x00000000fee00fff] reserved
[    0.000000] BIOS-e820: [mem 0x00000000fffc0000-0x00000000ffffffff] reserved
[    0.000000] NX (Execute Disable) protection: active
[    0.000000] SMBIOS 2.5 present.
[    0.000000] Hypervisor detected: KVM
[    0.000000] e820: last_pfn = 0x7fff0 max_arch_pfn = 0x400000000
[    0.000000] MTRR: Disabled
[    0.000000] x86/PAT: MTRRs disabled, skipping PAT initialization too.
[    0.000000] x86/PAT: Configuration [0-7]: WB  WT  UC- UC  WB  WT  UC- UC  
[    0.000000] CPU MTRRs all blank - virtualized system.
[    0.000000] found SMP MP-table at [mem 0x0009fff0-0x0009ffff] mapped at [ffff88000009fff0]
[    0.000000] Scanning 1 areas for low memory corruption
[    0.000000] RAMDISK: [mem 0x36236000-0x37112fff]
[    0.000000] ACPI: Early table checksum verification disabled
[    0.000000] ACPI: RSDP 0x00000000000E0000 000024 (v02 VBOX  )
[    0.000000] ACPI: XSDT 0x000000007FFF0030 00003C (v01 VBOX   VBOXXSDT 00000001 ASL  00000061)
[    0.000000] ACPI: FACP 0x000000007FFF00F0 0000F4 (v04 VBOX   VBOXFACP 00000001 ASL  00000061)
[    0.000000] ACPI: DSDT 0x000000007FFF0470 00210F (v01 VBOX   VBOXBIOS 00000002 INTL 20160108)
[    0.000000] ACPI: FACS 0x000000007FFF0200 000040
[    0.000000] ACPI: FACS 0x000000007FFF0200 000040
[    0.000000] ACPI: APIC 0x000000007FFF0240 00005C (v02 VBOX   VBOXAPIC 00000001 ASL  00000061)
[    0.000000] ACPI: SSDT 0x000000007FFF02A0 0001CC (v01 VBOX   VBOXCPUT 00000002 INTL 20160108)
[    0.000000] No NUMA configuration found
[    0.000000] Faking a node at [mem 0x0000000000000000-0x000000007ffeffff]
[    0.000000] NODE_DATA(0) allocated [mem 0x7ffeb000-0x7ffeffff]
[    0.000000] kvm-clock: Using msrs 4b564d01 and 4b564d00
[    0.000000] kvm-clock: cpu 0, msr 0:7ffe3001, primary cpu clock
[    0.000000] kvm-clock: using sched offset of 3761348748 cycles
[    0.000000] clocksource: kvm-clock: mask: 0xffffffffffffffff max_cycles: 0x1cd42e4dffb, max_idle_ns: 881590591483 ns
[    0.000000] Zone ranges:
[    0.000000]   DMA      [mem 0x0000000000001000-0x0000000000ffffff]
[    0.000000]   DMA32    [mem 0x0000000001000000-0x000000007ffeffff]
[    0.000000]   Normal   empty
[    0.000000]   Device   empty
[    0.000000] Movable zone start for each node
[    0.000000] Early memory node ranges
[    0.000000]   node   0: [mem 0x0000000000001000-0x000000000009efff]
[    0.000000]   node   0: [mem 0x0000000000100000-0x000000007ffeffff]
[    0.000000] Initmem setup node 0 [mem 0x0000000000001000-0x000000007ffeffff]
[    0.000000] ACPI: PM-Timer IO Port: 0x4008
[    0.000000] IOAPIC[0]: apic_id 2, version 32, address 0xfec00000, GSI 0-23
[    0.000000] ACPI: INT_SRC_OVR (bus 0 bus_irq 0 global_irq 2 dfl dfl)
[    0.000000] ACPI: INT_SRC_OVR (bus 0 bus_irq 9 global_irq 9 high level)
[    0.000000] Using ACPI (MADT) for SMP configuration information
[    0.000000] smpboot: Allowing 2 CPUs, 0 hotplug CPUs
[    0.000000] PM: Registered nosave memory: [mem 0x00000000-0x00000fff]
[    0.000000] PM: Registered nosave memory: [mem 0x0009f000-0x0009ffff]
[    0.000000] PM: Registered nosave memory: [mem 0x000a0000-0x000effff]
[    0.000000] PM: Registered nosave memory: [mem 0x000f0000-0x000fffff]
[    0.000000] e820: [mem 0x80000000-0xfebfffff] available for PCI devices
[    0.000000] Booting paravirtualized kernel on KVM
[    0.000000] clocksource: refined-jiffies: mask: 0xffffffff max_cycles: 0xffffffff, max_idle_ns: 7645519600211568 ns
[    0.000000] setup_percpu: NR_CPUS:512 nr_cpumask_bits:512 nr_cpu_ids:2 nr_node_ids:1
[    0.000000] PERCPU: Embedded 33 pages/cpu @ffff88007fc00000 s98264 r8192 d28712 u1048576
[    0.000000] PV qspinlock hash table entries: 256 (order: 0, 4096 bytes)
[    0.000000] Built 1 zonelists in Node order, mobility grouping on.  Total pages: 515961
[    0.000000] Policy zone: DMA32
[    0.000000] Kernel command line: BOOT_IMAGE=/boot/vmlinuz-4.4.0-89-generic root=UUID=f53af1c0-423f-4345-a0b4-939608892a62 ro console=tty1 console=ttyS0
[    0.000000] PID hash table entries: 4096 (order: 3, 32768 bytes)
[    0.000000] Memory: 2029548K/2096696K available (8474K kernel code, 1294K rwdata, 3984K rodata, 1488K init, 1316K bss, 67148K reserved, 0K cma-reserved)
[    0.000000] SLUB: HWalign=64, Order=0-3, MinObjects=0, CPUs=2, Nodes=1
[    0.000000] Hierarchical RCU implementation.
[    0.000000] 	Build-time adjustment of leaf fanout to 64.
[    0.000000] 	RCU restricting CPUs from NR_CPUS=512 to nr_cpu_ids=2.
[    0.000000] RCU: Adjusting geometry for rcu_fanout_leaf=64, nr_cpu_ids=2
[    0.000000] NR_IRQS:33024 nr_irqs:440 16
[    0.000000] Console: colour VGA+ 80x25
[    0.000000] console [tty1] enabled
[    0.000000] console [ttyS0] enabled
[    0.000000] tsc: Detected 2194.922 MHz processor
[    1.133099] Calibrating delay loop (skipped) preset value.. 4389.84 BogoMIPS (lpj=8779688)
[    1.135497] pid_max: default: 32768 minimum: 301
[    1.151769] ACPI: Core revision 20150930
[    1.161428] ACPI: 2 ACPI AML tables successfully acquired and loaded
[    1.177172] Security Framework initialized
[    1.178366] Yama: becoming mindful.
[    1.180582] AppArmor: AppArmor initialized
[    1.188691] Dentry cache hash table entries: 262144 (order: 9, 2097152 bytes)
[    1.204173] Inode-cache hash table entries: 131072 (order: 8, 1048576 bytes)
[    1.206167] Mount-cache hash table entries: 4096 (order: 3, 32768 bytes)
[    1.233438] Mountpoint-cache hash table entries: 4096 (order: 3, 32768 bytes)
[    1.237277] Initializing cgroup subsys io
[    1.238438] Initializing cgroup subsys memory
[    1.239673] Initializing cgroup subsys devices
[    1.257238] Initializing cgroup subsys freezer
[    1.258360] Initializing cgroup subsys net_cls
[    1.259577] Initializing cgroup subsys perf_event
[    1.260784] Initializing cgroup subsys net_prio
[    1.261866] Initializing cgroup subsys hugetlb
[    1.284178] Initializing cgroup subsys pids
[    1.322610] CPU: Physical Processor ID: 0
[    1.328853] CPU: Processor Core ID: 0
[    1.341171] mce: CPU supports 0 MCE banks
[    1.362785] Last level iTLB entries: 4KB 64, 2MB 8, 4MB 8
[    1.392210] Last level dTLB entries: 4KB 64, 2MB 0, 4MB 0, 1GB 4
[    1.397851] Freeing SMP alternatives memory: 32K (ffffffff820b9000 - ffffffff820c1000)
[    1.421404] ftrace: allocating 32131 entries in 126 pages
[    1.492198] smpboot: APIC(0) Converting physical 0 to logical package 0
[    1.521273] smpboot: Max logical packages: 1
[    1.537501] x2apic enabled
[    1.538782] Switched APIC routing to physical x2apic.
[    1.543186] ..TIMER: vector=0x30 apic1=0 pin1=2 apic2=-1 pin2=-1
[    1.675152] APIC calibration not consistent with PM-Timer: 98ms instead of 100ms
[    1.721392] APIC delta adjusted to PM-Timer: 6249965 (6180666)
[    1.734196] smpboot: CPU0: Intel(R) Core(TM) i5-5200U CPU @ 2.20GHz (family: 0x6, model: 0x3d, stepping: 0x4)
[    1.750081] Performance Events: unsupported p6 CPU model 61 no PMU driver, software events only.
[    1.755841] KVM setup paravirtual spinlock
[    1.774396] x86: Booting SMP configuration:
[    1.793826] .... node  #0, CPUs:      #1
[    1.807647] kvm-clock: cpu 1, msr 0:7ffe3041, secondary cpu clock
[    1.836281] mce: CPU supports 0 MCE banks
[    1.841720] x86: Booted up 1 node, 2 CPUs
[    1.851444] smpboot: Total of 2 processors activated (8779.68 BogoMIPS)
[    1.855904] devtmpfs: initialized
[    1.881573] evm: security.selinux
[    1.886136] evm: security.SMACK64
[    1.897788] evm: security.SMACK64EXEC
[    1.903952] evm: security.SMACK64TRANSMUTE
[    1.926925] evm: security.SMACK64MMAP
[    1.927721] evm: security.ima
[    1.928495] evm: security.capability
[    1.956917] clocksource: jiffies: mask: 0xffffffff max_cycles: 0xffffffff, max_idle_ns: 7645041785100000 ns
[    1.960546] futex hash table entries: 512 (order: 3, 32768 bytes)
[    1.978959] pinctrl core: initialized pinctrl subsystem
[    2.034945] RTC time:  6:22:21, date: 08/08/17
[    2.039230] NET: Registered protocol family 16
[    2.054513] cpuidle: using governor ladder
[    2.090104] cpuidle: using governor menu
[    2.141216] PCCT header not found.
[    2.153744] ACPI: bus type PCI registered
[    2.164165] acpiphp: ACPI Hot Plug PCI Controller Driver version: 0.5
[    2.170702] PCI: Using configuration type 1 for base access
[    2.219524] ACPI: Added _OSI(Module Device)
[    2.244068] ACPI: Added _OSI(Processor Device)
[    2.248321] ACPI: Added _OSI(3.0 _SCP Extensions)
[    2.272105] ACPI: Added _OSI(Processor Aggregator Device)
[    2.276986] ACPI: Executed 1 blocks of module-level executable AML code
[    2.290876] ACPI: Interpreter enabled
[    2.298285] ACPI: (supports S0 S5)
[    2.312316] ACPI: Using IOAPIC for interrupt routing
[    2.322732] PCI: Using host bridge windows from ACPI; if necessary, use "pci=nocrs" and report a bug
[    2.344445] ACPI: PCI Root Bridge [PCI0] (domain 0000 [bus 00-ff])
[    2.361625] acpi PNP0A03:00: _OSC: OS supports [ASPM ClockPM Segments MSI]
[    2.388443] acpi PNP0A03:00: _OSC failed (AE_NOT_FOUND); disabling ASPM
[    2.427130] acpi PNP0A03:00: fail to add MMCONFIG information, can't access extended PCI configuration space under this bridge.
[    2.458668] PCI host bridge to bus 0000:00
[    2.478793] pci_bus 0000:00: root bus resource [io  0x0000-0x0cf7 window]
[    2.529078] pci_bus 0000:00: root bus resource [io  0x0d00-0xffff window]
[    2.535009] pci_bus 0000:00: root bus resource [mem 0x000a0000-0x000bffff window]
[    2.554477] pci_bus 0000:00: root bus resource [mem 0x80000000-0xffdfffff window]
[    2.603124] pci_bus 0000:00: root bus resource [bus 00-ff]
[    2.625329] pci 0000:00:01.1: legacy IDE quirk: reg 0x10: [io  0x01f0-0x01f7]
[    2.644426] pci 0000:00:01.1: legacy IDE quirk: reg 0x14: [io  0x03f6]
[    2.700600] pci 0000:00:01.1: legacy IDE quirk: reg 0x18: [io  0x0170-0x0177]
[    2.702298] pci 0000:00:01.1: legacy IDE quirk: reg 0x1c: [io  0x0376]
[    2.745707] pci 0000:00:07.0: quirk: [io  0x4000-0x403f] claimed by PIIX4 ACPI
[    2.786459] pci 0000:00:07.0: quirk: [io  0x4100-0x410f] claimed by PIIX4 SMB
[    2.809250] ACPI: PCI Interrupt Link [LNKA] (IRQs 5 9 10 *11)
[    2.817421] ACPI: PCI Interrupt Link [LNKB] (IRQs 5 9 10 *11)
[    2.822598] ACPI: PCI Interrupt Link [LNKC] (IRQs 5 9 *10 11)
[    2.824160] ACPI: PCI Interrupt Link [LNKD] (IRQs 5 *9 10 11)
[    2.826957] ACPI: Enabled 2 GPEs in block 00 to 07
[    2.830697] vgaarb: setting as boot device: PCI:0000:00:02.0
[    2.892390] vgaarb: device added: PCI:0000:00:02.0,decodes=io+mem,owns=io+mem,locks=none
[    2.894616] vgaarb: loaded
[    2.899727] vgaarb: bridge control possible 0000:00:02.0
[    2.904226] SCSI subsystem initialized
[    2.924228] ACPI: bus type USB registered
[    2.931210] usbcore: registered new interface driver usbfs
[    2.932431] usbcore: registered new interface driver hub
[    2.944511] usbcore: registered new device driver usb
[    2.947530] PCI: Using ACPI for IRQ routing
[    2.955865] NetLabel: Initializing
[    2.962024] NetLabel:  domain hash size = 128
[    2.964348] NetLabel:  protocols = UNLABELED CIPSOv4
[    2.967464] NetLabel:  unlabeled traffic allowed by default
[    2.981184] amd_nb: Cannot enumerate AMD northbridges
[    2.996651] clocksource: Switched to clocksource kvm-clock
[    3.034213] AppArmor: AppArmor Filesystem Enabled
[    3.048388] pnp: PnP ACPI init
[    3.050404] pnp: PnP ACPI: found 3 devices
[    3.061320] clocksource: acpi_pm: mask: 0xffffff max_cycles: 0xffffff, max_idle_ns: 2085701024 ns
[    3.135180] NET: Registered protocol family 2
[    3.152558] TCP established hash table entries: 16384 (order: 5, 131072 bytes)
[    3.154937] TCP bind hash table entries: 16384 (order: 6, 262144 bytes)
[    3.178711] TCP: Hash tables configured (established 16384 bind 16384)
[    3.309112] UDP hash table entries: 1024 (order: 3, 32768 bytes)
[    3.434568] UDP-Lite hash table entries: 1024 (order: 3, 32768 bytes)
[    3.545218] NET: Registered protocol family 1
[    3.620314] pci 0000:00:00.0: Limiting direct PCI/PCI transfers
[    3.745703] pci 0000:00:01.0: Activating ISA DMA hang workarounds
[    3.787039] Unpacking initramfs...
[    4.157743] Freeing initrd memory: 15220K (ffff880036236000 - ffff880037113000)
[    4.464898] RAPL PMU detected, API unit is 2^-32 Joules, 4 fixed counters 10737418240 ms ovfl timer
[    4.815951] hw unit of domain pp0-core 2^-0 Joules
[    4.955606] hw unit of domain package 2^-0 Joules
[    5.095679] hw unit of domain dram 2^-0 Joules
[    5.345613] hw unit of domain pp1-gpu 2^-0 Joules
[    5.436014] platform rtc_cmos: registered platform RTC device (no PNP device found)
[    5.836306] Scanning for low memory corruption every 60 seconds
[    5.876519] audit: initializing netlink subsys (disabled)
[    6.215640] audit: type=2000 audit(1502173348.910:1): initialized
[    6.376560] Initialise system trusted keyring
[    6.379455] HugeTLB registered 2 MB page size, pre-allocated 0 pages
[    6.393769] zbud: loaded
[    6.535810] tsc: Refined TSC clocksource calibration: 2196.171 MHz
[    6.656208] clocksource: tsc: mask: 0xffffffffffffffff max_cycles: 0x1fa811bd990, max_idle_ns: 440795240675 ns
[    6.656552] VFS: Disk quotas dquot_6.6.0
[    6.656608] VFS: Dquot-cache hash table entries: 512 (order 0, 4096 bytes)
[    6.657051] squashfs: version 4.0 (2009/01/31) Phillip Lougher
[    6.762384] fuse init (API version 7.23)
[    6.782925] Key type big_key registered
[    6.825869] Allocating IMA MOK and blacklist keyrings.
[    6.830815] Key type asymmetric registered
[    6.853248] Asymmetric key parser 'x509' registered
[    6.854667] Block layer SCSI generic (bsg) driver version 0.4 loaded (major 249)
[    6.863146] io scheduler noop registered
[    6.864310] io scheduler deadline registered (default)
[    6.873063] io scheduler cfq registered
[    6.882885] pci_hotplug: PCI Hot Plug PCI Core version: 0.5
[    6.892985] pciehp: PCI Express Hot Plug Controller Driver version: 0.4
[    6.913991] ACPI: AC Adapter [AC] (on-line)
[    6.996800] input: Power Button as /devices/LNXSYSTM:00/LNXPWRBN:00/input/input0
[    7.004827] ACPI: Power Button [PWRF]
[    7.017118] input: Sleep Button as /devices/LNXSYSTM:00/LNXSLPBN:00/input/input1
[    7.055071] ACPI: Sleep Button [SLPF]
[    7.068954] GHES: HEST is not enabled!
[    7.070007] ACPI: Battery Slot [BAT0] (battery present)
[    7.080287] Serial: 8250/16550 driver, 32 ports, IRQ sharing enabled
[    7.198817] 00:02: ttyS0 at I/O 0x3f8 (irq = 4, base_baud = 115200) is a 16550A
[    7.385942] Linux agpgart interface v0.103
[    7.422518] loop: module loaded
[    7.429084] scsi host0: ata_piix
[    7.515977] scsi host1: ata_piix
[    7.615584] ata1: PATA max UDMA/33 cmd 0x1f0 ctl 0x3f6 bmdma 0xd000 irq 14
[    7.676002] ata2: PATA max UDMA/33 cmd 0x170 ctl 0x376 bmdma 0xd008 irq 15
[    7.677276] libphy: Fixed MDIO Bus: probed
[    7.678305] tun: Universal TUN/TAP device driver, 1.6
[    7.679177] tun: (C) 1999-2004 Max Krasnyansky <maxk@qualcomm.com>
[    7.680240] PPP generic driver version 2.4.2
[    7.681077] ehci_hcd: USB 2.0 'Enhanced' Host Controller (EHCI) Driver
[    7.682148] ehci-pci: EHCI PCI platform driver
[    7.682970] ehci-platform: EHCI generic platform driver
[    7.683870] ohci_hcd: USB 1.1 'Open' Host Controller (OHCI) Driver
[    7.684887] ohci-pci: OHCI PCI platform driver
[    7.695625] ohci-platform: OHCI generic platform driver
[    7.715766] uhci_hcd: USB Universal Host Controller Interface driver
[    7.736109] i8042: PNP: PS/2 Controller [PNP0303:PS2K,PNP0f03:PS2M] at 0x60,0x64 irq 1,12
[    7.738093] serio: i8042 KBD port at 0x60,0x64 irq 1
[    7.738958] serio: i8042 AUX port at 0x60,0x64 irq 12
[    7.739967] mousedev: PS/2 mouse device common for all mice
[    7.766058] input: AT Translated Set 2 keyboar  as /devices/platform/i8042/serio0/inptt/input2
[    8.106059] rtc_cmos rtc_cmos: rtc core: registered rtc_cmos as rtc0
[    8.181213] rtc_cmos rtc_cmos: alarms up to one day, 114 bytes nvram
[    8.196278] i2c /dev entries driver
[    8.205932] device-mapper: uevent: version 1.0.3
[    8.207005] device-mapper: ioctl: 4.34.0-ioctl (2015-10-28) initialised: dm-devel@redhat.com
[    8.208778] ledtrig-cpu: registered to indicate activity on CPUs
[    8.210373] NET: Registered protocol family 10
[    8.216148] NET: Registered protocol family 17
[    8.229514] Key type dns_resolver registered
[    8.230605] microcode: CPU0 sig=0x306d4, pf=0x40, revision=0x0
[    8.234840] microcode: CPU1 sig=0x306d4, pf=0x40, revision=0x0
[    8.238351] microcode: Microcode Update Driver: v2.01 <tigran@aivazian.fsnet.co.uk>, Peter Oruba
[    8.240368] registered taskstats version 1
[    8.255798] Loading compiled-in X.509 certificates
[    8.257498] Loaded X.509 cert 'Build time autogenerated kernel key: 420a71e958a947963108b13c1c2e45412a03ca90'
[    8.259431] zswap: loaded using pool lzo/zbud
[    8.262365] Key type trusted registered
[    8.273660] Key type encrypted registered
[    8.288030] AppArmor: AppArmor sha1 policy hashing enabled
[    8.294744] ima: No TPM chip found, activating TPM-bypass!
[    8.310409] evm: HMAC attrs: 0x1
[    8.311392]   Magic number: 13:70:367
[    8.323580] rtc_cmos rtc_cmos: setting system clock to 2017-08-08 06:22:28 UTC (1502173348)
[    8.326447] BIOS EDD facility v0.16 2004-Jun-25, 0 devices found
[    8.327565] EDD information not available.
[    8.329780] Freeing unused kernel memory: 1488K (ffffffff81f45000 - ffffffff820b9000)
[    8.346605] Write protecting the kernel read-only data: 14336k
[    8.348314] Freeing unused kernel memory: 1752K (ffff88000184a000 - ffff880001a00000)
[    8.356999] Freeing unused kernel memory: 112K (ffff880001de4000 - ffff880001e00000)
Loading, please wait...
starting version[    8.370814] random: systemd-udevd: uninitialized urandom read (16 bytes read, 3 bits of entropy available)
 229
[    8.371338] random: udevadm: uninitialized urandom read (16 bytes read, 3 bits of entropy available)
[    8.371376] random: udevadm: uninitialized urandom read (16 bytes read, 3 bits of entropy available)
[    8.371490] random: udevadm: uninitialized urandom read (16 bytes read, 3 bits of entropy available)
[    8.371532] random: udevadm: uninitialized urandom read (16 bytes read, 3 bits of entropy available)
[    8.371572] random: udevadm: uninitialized urandom read (16 bytes read, 3 bits of entropy available)
[    8.371615] random: udevadm: uninitialized urandom read (16 bytes read, 3 bits of entropy available)
[    8.371655] random: udevadm: uninitialized urandom read (16 bytes read, 3 bits of entropy available)
[    8.371691] random: udevadm: uninitialized urandom read (16 bytes read, 3 bits of entropy available)
[    8.371731] random: udevadm: uninitialized urandom read (16 bytes read, 3 bits of entropy available)
[    8.431231] e1000: Intel(R) PRO/1000 Network Driver - version 7.3.21-k8-NAPI
[    8.456403] e1000: Copyright (c) 1999-2006 Intel Corporation.
[    8.481599] Fusion MPT base driver 3.04.20
[    8.549796] Copyright (c) 1999-2008 LSI Corporation
[    8.590688] Fusion MPT SPI Host driver 3.04.20
[    8.710677] input: ImExPS/2 Generic Explorer Mouse as /devices/platform/i8042/serio1/input/input4
[    8.725534] AVX version of gcm_enc/dec engaged.
[    8.761652] AES CTR mode by8 optimization enabled
[    9.036334] e1000 0000:00:03.0 eth0: (PCI:33MHz:32-bit) 02:03:81:8c:20:c6
[    9.545575] e1000 0000:00:03.0 eth0: Intel(R) PRO/1000 Network Connection
[    9.647519] e1000 0000:00:03.0 enp0s3: renamed from eth0
[    9.735573] mptbase: ioc0: Initiating bringup
[    9.824984] ioc0: LSI53C1030 A0: Capabilities={Initiator}
[   10.137812] scsi host2: ioc0: LSI53C1030 A0, FwRev=00000000h, Ports=1, MaxQ=256, IRQ=20
[   10.485578] scsi 2:0:0:0: Direct-Access     VBOX     HARDDISK         1.0  PQ: 0 ANSI: 5
[   10.661216] scsi target2:0:0: Beginning Domain Validation
[   10.728197] scsi target2:0:0: Domain Validation skipping write tests
[   10.730287] scsi target2:0:0: Ending Domain Validation
[   10.731231] scsi target2:0:0: asynchronous
[   10.732320] scsi 2:0:1:0: Direct-Access     VBOX     HARDDISK         1.0  PQ: 0 ANSI: 5
[   10.944305] scsi target2:0:1: Beginning Domain Validation
[   11.056069] scsi target2:0:1: Domain Validation skipping write tests
[   11.224945] scsi target2:0:1: Ending Domain Validation
[   11.323884] scsi target2:0:1: asynchronous
[   11.414200] sd 2:0:0:0: Attached scsi generic sg0 type 0
[   11.538465] floppy0: no floppy controllers found
[   11.538541] sd 2:0:0:0: [sda] 20971520 512-byte logical blocks: (10.7 GB/10.0 GiB)
[   11.549261] sd 2:0:1:0: Attached scsi generic sg1 type 0
[   11.761660] sd 2:0:1:0: [sdb] 20480 512-byte logical blocks: (10.5 MB/10.0 MiB)
[   11.766616] sd 2:0:0:0: [sda] Write Protect is off
[   11.776576] sd 2:0:1:0: [sdb] Write Protect is off
[   11.945717] sd 2:0:0:0: [sda] Incomplete mode parameter data
[   12.028520] sd 2:0:0:0: [sda] Assuming drive cache: write through
[   12.029924] sd 2:0:1:0: [sdb] Incomplete mode parameter data
[   12.031039] sd 2:0:1:0: [sdb] Assuming drive cache: write through
[   12.033135]  sda: sda1
[   12.075276] sd 2:0:0:0: [sda] Attached SCSI disk
[   12.195245] sd 2:0:1:0: [sdb] Attached SCSI disk
Begin: Loading e[   13.549643] md: linear personality registered for level -1
ssential drivers ... [   13.554271] md: multipath personality registered for level -4
[   13.572176] md: raid0 personality registered for level 0
[   13.581366] md: raid1 personality registered for level 1
[   13.656676] raid6: sse2x1   gen()  8496 MB/s
[   13.732699] raid6: sse2x1   xor()  6330 MB/s
[   13.832701] raid6: sse2x2   gen() 10480 MB/s
[   13.964675] raid6: sse2x2   xor()  6683 MB/s
[   14.044698] raid6: sse2x4   gen() 12171 MB/s
[   14.112686] raid6: sse2x4   xor()  8444 MB/s
[   14.119944] raid6: using algorithm sse2x4 gen() 12171 MB/s
[   14.122093] raid6: .... xor() 8444 MB/s, rmw enabled
[   14.123090] raid6: using ssse3x2 recovery algorithm
[   14.125671] xor: automatically using best checksumming function:
[   14.768724]    avx       : 20235.000 MB/sec
[   15.106976] async_tx: api initialized (async)
[   15.121468] md: raid6 personality registered for level 6
[   15.127821] md: raid5 personality registered for level 5
[   15.128886] md: raid4 personality registered for level 4
[   15.135636] md: raid10 personality registered for level 10
done.
Begin: Running /scripts/init-premount ... done.
Begin: Mounting root file system ... Begin: Running /scripts/local-top ... done.
Begin: Running /scripts/local-premount ... [   15.183066] Btrfs loaded
Scanning for Btrfs filesystems
done.
Warning: fsck no[   15.473468] EXT4-fs (sda1): INFO: recovery required on readonly filesystem
t present, so sk[   15.529529] EXT4-fs (sda1): write access will be enabled during recovery
ipping root file system
[   15.872397] EXT4-fs (sda1): recovery complete
[   15.978011] EXT4-fs (sda1): mounted filesystem with ordered data mode. Opts: (null)
done.
Begin: Running /scripts/local-bottom ... done.
Begin: Running /scripts/init-bottom ... done.
[   16.280062] systemd[1]: systemd 229 running in system mode. (+PAM +AUDIT +SELINUX +IMA +APPARMOR +SMACK +SYSVINIT +UTMP +LIBCRYPTSETUP +GCRYPT +GNUTLS +ACL +XZ -LZ4 +SECCOMP +BLKID +ELFUTILS +KMOD -IDN)
[   16.601997] systemd[1]: Detected virtualization oracle.
[   16.620038] systemd[1]: Detected architecture x86-64.

Welcome to [1mUbuntu 16.04.2 LTS[0m!

[   16.625072] systemd[1]: Set hostname to <ubuntu-xenial>.
[   16.762814] random: nonblocking pool is initialized
[   16.857557] systemd[1]: Listening on Journal Socket (/dev/log).
[[0;32m  OK  [0m] Listening on Journal Socket (/dev/log).
[   16.884158] systemd[1]: Listening on Syslog Socket.
[[0;32m  OK  [0m] Listening on Syslog Socket.
[   16.897018] systemd[1]: Listening on LVM2 metadata daemon socket.
[[0;32m  OK  [0m] Listening on LVM2 metadata daemon socket.
[   16.908132] systemd[1]: Reached target Swap.
[[0;32m  OK  [0m] Reached target Swap.
[   16.911131] systemd[1]: Reached target User and Group Name Lookups.
[[0;32m  OK  [0m] Reached target User and Group Name Lookups.
[   16.953255] systemd[1]: Created slice User and Session Slice.
[[0;32m  OK  [0m] Created slice User and Session Slice.
[   17.083005] systemd[1]: Listening on udev Control Socket.
[[0;32m  OK  [0m] Listening on udev Control Socket.
[   17.096112] systemd[1]: Listening on Journal Socket.
[[0;32m  OK  [0m] Listening on Journal Socket.
[   17.108920] systemd[1]: Listening on LVM2 poll daemon socket.
[[0;32m  OK  [0m] Listening on LVM2 poll daemon socket.
[   17.198416] systemd[1]: Reached target Encrypted Volumes.
[[0;32m  OK  [0m] Reached target Encrypted Volumes.
[   17.209008] systemd[1]: Listening on Journal Audit Socket.
[[0;32m  OK  [0m] Listening on Journal Audit Socket.
[   17.353207] systemd[1]: Created slice System Slice.
[[0;32m  OK  [0m] Created slice System Slice.
[   17.500958] systemd[1]: Starting Nameserver information manager...
         Starting Nameserver information manager...
[   17.537671] systemd[1]: Starting Load Kernel Modules...
         Starting Load Ke[   17.687498] Loading iSCSI transport class v2.0-870.
rnel Modules...
[   17.796040] systemd[1]: Starting Journal Service...
         Starting Journal[   17.932486] iscsi: registered transport (tcp)
 Service...
[   18.016130] systemd[1]: Created slice system-serial\x2dgetty.slice.
[[0;32m  OK  [0m] Created slice system-serial\x2dgetty.slice.
[   18.023564] systemd[1]: Reached target Slices.
[[0;32m  OK  [0m] Reached target Slices.
[   18.056347] iscsi: registered transport (iser)
[   18.108883] systemd[1]: Starting Set console keymap...
         Starting Set console keymap...
[   18.160924] systemd[1]: Starting Create list of required static device nodes for the current kernel...
         Starting Create list of required st... nodes for the current kernel...
[   18.219539] systemd[1]: Mounting Debug File System...
         Mounting Debug File System...
[   18.280970] systmmd[1]: Mounting POSIX Message Queue File System...
         Mounting POSIX Message Queue File System...
[   18.367792] systemd[1]: Starting Remount Root and Kernel File Systems...
[   18.371834] EXT4-fs (sda1): re-mounted. Opts: (null)
         Starting Remount Root and Kernel File Systems...
[   19.020502] systemd[1]: Mounting Huge Pages File System...
         Mounting Huge Pages File System...
[   19.088940] systemd[1]: Listening on Device-mapper event daemon FIFOs.
[[0;32m  OK  [0m] Listening on Device-mapper event daemon FIFOs.
[   19.168863] systemd[1]: Starting Monitoring of LVM2 mirrors, snapshots etc. using dmeventd or progress polling...
         Starting Monitoring of LVM2 mirrors... dmeventd or progress polling...
[   19.726586] systemd[1]: Listening on udev Kernel Socket.
[[0;32m  OK  [0m] Listening on udev Kernel Socket.
[   19.740832] systemd[1]: Starting Uncomplicated firewall...
         Starting Uncomplicated firewall...
[   19.826896] systemd[1]: Set up automount Arbitrary Executable File Formats File System Automount Point.
[[0;32m  OK  [0m] Set up automount Arbitrary Executab...ats File System Automount Point.
[   19.831031] systemd[1]: Listening on /dev/initctl Compatibility Named Pipe.
[[0;32m  OK  [0m] Listening on /dev/initctl Compatibility Named Pipe.
[   19.997022] systemd[1]: Started Forward Password Requests to Wall Directory Watch.
[[0;32m  OK  [0m] Started Forward Password Requests to Wall Directory Watch.
[   20.008519] systemd[1]: Mounted Debug File System.
[[0;32m  OK  [0m] Mounted Debug File System.
[   20.011568] systemd[1]: Mounted Huge Pages File System.
[[0;32m  OK  [0m] Mounted Huge Pages File System.
[   20.046842] systemd[1]: Mounted POSIX Message Queue File System.
[[0;32m  OK  [0m] Mounted POSIX Message Queue File System.
[   20.049144] systemd[1]: Started Journal Service.
[[0;32m  OK  [0m] Started Journal Service.
[[0;32m  OK  [0m] Started Load Kernel Modules.
[[0;32m  OK  [0m] Started Set console keymap.
[[0;32m  OK  [0m] Started Create list of required sta...ce nodes for the current kernel.
[[0;32m  OK  [0m] Started Remount Root and Kernel File Systems.
[[0;32m  OK  [0m] Started Uncomplicated firewall.
[[0;32m  OK  [0m] Started Nameserver information manager.
[[0;32m  OK  [0m] Started LVM2 metadata daemon.
         Starting Load/Save Random Seed...
         Starting Initial cloud-init job (pre-networking)...
         Starting udev Coldplug all Devices...
         Starting Create Static Device Nodes in /dev...
         Starting Apply Kernel Variables...
         Mounting FUSE Control File System...
         Starting Flush Journal to Persistent Storage...
[[0;32m  OK  [0m] Mounted FUSE Control File System.
[[0;32m  OK  [0m] Started Load/Save Random Seed.
[[0;32m  OK  [0m] Started Create Static Device Nodes in /dev.
[[0;32m  OK  [0m] Started Apply Kernel Variables.
[[0;32m  OK  [0m] Started udev Coldplug all Devices.
         Starting udev Kernel Device Manager...
[[0;32m  OK  [0m] Started Flush Journal to Persistent Storage.
[[0;32m  OK  [0m] Started udev Kernel Device Manager.
[[0;32m  OK  [0m] Started Dispatch Password Requests to Console Directory Watch.
[[0;32m  OK  [0m] Started Monitoring of LVM2 mirrors,...ng dmeventd or progress polling.
[[0;32m  OK  [0m] Reached target Local File Systems (Pre).
[[0;32m  OK  [0m] Reached target Local File Systems.
         Starting Tell Plymouth To Write Out Runtime Data...
         Starting Set console font and keymap...
         Starting Create Volatile Files and Directories...
         Starting LSB: AppArmor initialization...
[[0;32m  OK  [0m] Started Tell Plymouth To Write Out Runtime Data.
[[0;32m  OK  [0m] Started Create Volatile Files and Directories.
[[0;32m  OK  [0m] Found device /dev/ttyS0.
[[0;32m  OK  [0m] Reached target System Time Synchronized.
         Starting Update UTMP about System Boot/Shutdown...
[[0;32m  OK  [0m] Started LSB: AppArmor initialization.
[[0;32m  OK  [0m] Started Update UTMP about System Boot/Shutdown.
[[0;32m  OK  [0m] Found device 82540EM Gigabit Ethern...r (PRO/1000 MT Desktop Adapter).
[[0;32m  OK  [0m] Started Set console font and keymap.
[   19.343509] cloud-init[446]: Cloud-init v. 0.7.9 running 'init-local' at Tue, 08 Aug 2017 06:22:41 +0000. Up 18.97 seconds.
[[0;32m  OK  [0m] Created slice system-getty.slice.
[[0;32m  OK  [0m] Listening on Load/Save RF Kill Switch Status /dev/rfkill Watch.
[[0;32m  OK  [0m] Started Initial cloud-init job (pre-networking).
[[0;32m  OK  [0m] Reached target Network (Pre).
[[0;32m  OK  [0m] Started ifup for enp0s3.
         Starting Raise network interfaces...
[[0;32m  OK  [0m] Started Raise network interfaces.
         Starting Initial cloud-init job (metadata service crawler)...
[[0;32m  OK  [0m] Reached target Network.
[   21.959510] cloud-init[959]: Cloud-init v. 0.7.9 running 'init' at Tue, 08 Aug 2017 06:22:44 +0000. Up 21.67 seconds.
[   22.060520] cloud-init[959]: ci-info: +++++++++++++++++++++++++++++++++++++Net device info+++++++++++++++++++++++++++++++++++++
[   22.060832] cloud-init[959]: ci-info: +--------+------+---------------------------+---------------+-------+-------------------+
[[0;32m  OK  [0m] Started Initial cloud-init job (metadata service crawler).
[   22.060961] cloud-init[959]: ci-info: | Device |  Up  |          Address          |      Mask     | Scope |     Hw-Address    |
[   22.103997] cloud-init[959]: ci-info: +--------+------+---------------------------+---------------+-------+-------------------+
[   22.104225] cloud-init[959]: ci-info: | enp0s3 | True |         10.0.2.15         | 255.255.255.0 |   .   | 02:03:81:8c:20:c6 |
[[0;32m  OK  [0m] Reached target System Initialization.
[   22.104372] cloud-init[959]: ci-info: | enp0s3 | True | fe80::3:81ff:fe8c:20c6/64 |       .       |  link | 02:03:81:8c:20:c6 |
[   22.117068] cloud-init[959]: ci-info: |   lo   | True |         127.0.0.1         |   255.0.0.0   |   .   |         .         |
[   22.117286] cloud-init[959]: ci-info: |   lo   | True |          ::1/128          |       .       |  host |         .         |
[[0;32m  OK  [0m] Started Daily apt activities.
[   22.117432] cloud-init[959]: ci-info: +--------+------+---------------------------+---------------+-------+-------------------+
[   22.121914] cloud-init[959]: ci-info: +++++++++++++++++++++++++++Route IPv4 info++++++++++++++++++++++++++++
[[0;32m  OK  [0m] Listening on ACPID Listen Socket.
[   22.122049] cloud-init[959]: ci-info: +-------+-------------+----------+---------------+-----------+-------+
[   22.127505] cloud-init[959]: ci-info: | Route | Destination | Gateway  |    Genmask    | Interface | Flags |
[[0;32m  OK  [0m] Listening on UUID daemon activation socket.
[   22.127639] cloud-init[959]: ci-info: +-------+-------------+----------+---------------+-----------+-------+
[   22.131883] cloud-init[959]: ci-info: |   0   |   0.0.0.0   | 10.0.2.2 |    0.0.0.0    |   enp0s3  |   UG  |
[[0;32m  OK  [0m] Listening on D-Bus System Message Bus Socket.
[   22.132021] cloud-init[959]: ci-info: |   1   |   10.0.2.0  | 0.0.0.0  | 255.255.255.0 |   enp0s3  |   U   |
[   22.136253] cloud-init[959]: ci-info: +-------+-------------+----------+---------------+-----------+-------+
[[0;32m  OK  [0m] Started Timer to automatically refresh installed snaps.
[[0;32m  OK  [0m] Started ACPI Events Check.
         Starting Socket activation for snappy daemon.
[[0;32m  OK  [0m] Started Trigger resolvconf update for networkd DNS.
[[0;32m  OK  [0m] Reached target Paths.
         Starting LXD - unix socket.
[[0;32m  OK  [0m] Started Daily Cleanup of Temporary Directories.
[[0;32m  OK  [0m] Reached target Timers.
[[0;32m  OK  [0m] Reached target Network is Online.
         Starting iSCSI initiator daemon (iscsid)...
[[0;32m  OK  [0m] Reached target Cloud-config availability.
[[0;32m  OK  [0m] Listening on Socket activation for snappy daemon.
[[0;32m  OK  [0m] Listening on LXD - unix socket.
[[0;32m  OK  [0m] Reached target Sockets.
[[0;32m  OK  [0m] Reached target Basic System.
[[0;32m  OK  [0m] Started FUSE filesystem for LXC.
         Starting /etc/rc.local Compatibility...
[[0;32m  OK  [0m] Started Regular background program processing daemon.
         Starting Login Service...
         Starting Daily apt activities...
         Starting LSB: Record successful boot for GRUB...
[[0;32m  OK  [0m] Started ACPI event daemon.
         Starting Apply the settings specified in cloud-config...
         Starting LSB: MD monitoring daemon...
[[0;32m  OK  [0m] Started Deferred execution scheduler.
         Starting Accounts Service...
[[0;32m  OK  [0m] Started D-Bus System Message Bus.
[   23.161504] cloud-init[1054]: Cloud-init v. 0.7.9 running 'modules:config' at Tue, 08 Aug 2017 06:22:45 +0000. Up 22.99 seconds.
         Starting System Logging Service...
         Starting LXD - container startup/shutdown...
         Starting OpenBSD Secure Shell server...
[[0;32m  OK  [0m] Started Snappy daemon.
         Starting Auto import assertions from block devices...
[[0;32m  OK  [0m] Started iSCSI initiator daemon (iscsid).
[[0;32m  OK  [0m] Started /etc/rc.local Compatibility.
[[0;32m  OK  [0m] Started Apply the settings specified in cloud-config.
[[0;32m  OK  [0m] Started Auto import assertions from block devices.
[[0;32m  OK  [0m] Started System Logging Service.
[[0;32m  OK  [0m] Started LSB: Record successful boot for GRUB.
[[0;32m  OK  [0m] Started Login Service.
[[0;32m  OK  [0m] Started LSB: MD monitoring daemon.
         Starting Authenticate and Authorize Users to Run Privileged Tasks...
         Starting Login to default iSCSI targets...
[[0;32m  OK  [0m] Started OpenBSD Secure Shell server.
[[0;32m  OK  [0m] Started Authenticate and Authorize Users to Run Privileged Tasks.
[[0;32m  OK  [0m] Started Accounts Service.
[[0;32m  OK  [0m] Started Login to default iSCSI targets.
[[0;32m  OK  [0m] Reached target Remote File Systems (Pre).
[[0;32m  OK  [0m] Reached target Remote File Systems.
         Starting Permit User Sessions...
         Starting LSB: automatic crash report generation...
         Starting LSB: daemon to balance interrupts for SMP systems...
         Starting LSB: VirtualBox Linux Additions...
         Starting LSB: Set the CPU Frequency Scaling governor to "ondemand"...
[[0;32m  OK  [0m] Started Permit User Sessions.
[[0;32m  OK  [0m] Started LXD - container startup/shutdown.
         Starting Terminate Plymouth Boot Screen...
         Starting Hold until boot process finishes up...
[[0;32m  OK  [0m] Started LSB: automatic crash report generation.
[[0;32m  OK  [0m] Started LSB: daemon to balance interrupts for SMP systems.
[[0;32m  OK  [0m] Started LSB: VirtualBox Linux Additions.
[[0;32m  OK  [0m] Started LSB: Set the CPU Frequency Scaling governor to "ondemand".
[[0;32m  OK  [0m] Started Terminate Plymouth Boot Screen.
[[0;32m  OK  [0m] Started Hold until boot process finishes up.
[[0;32m  OK  [0m] Started Serial Getty on ttyS0.
[[0;32m  OK  [0m] Started Getty on tty1.
[[0;32m  OK  [0m] Reached target Login Prompts.
         Starting Set console scheme...
[[0;32m  OK  [0m] Reached target Multi-User System.
         Starting Execute cloud user/final scripts...
[[0;32m  OK  [0m] Reached target Graphical Interface.
         Starting Update UTMP about System Runlevel Changes...
[[0;32m  OK  [0m] Started Set console scheme.
[[0;32m  OK  [0m] Started Update UTMP about System Runlevel Changes.
[[0;32m  OK  [0m] Created slice User Slice of ubuntu.
         Starting User Manager for UID 1000...
[[0;32m  OK  [0m] Started Session 1 of user ubuntu.
[[0;32m  OK  [0m] Started User Manager for UID 1000.
[   25.085925] cloud-init[1385]: Cloud-init v. 0.7.9 running 'modules:final' at Tue, 08 Aug 2017 06:22:48 +0000. Up 24.81 seconds.
[   25.156686] cloud-init[1385]: Cloud-init v. 0.7.9 finished at Tue, 08 Aug 2017 06:22:48 +0000. Datasource DataSourceNoCloud [seed=/dev/sdb][dsmode=net].  Up 25.07 seconds
[[0;32m  OK  [0m] Started Execute cloud user/final scripts.
[[0;32m  OK  [0m] Reached target Cloud-init target.
         Stopping User Manager for UID 1000...
[[0;32m  OK  [0m] Stopped User Manager for UID 1000.
[[0;32m  OK  [0m] Removed slice User Slice of ubuntu.

Ubuntu 16.04.2 LTS ubuntu-xenial ttyS0

ubuntu-xenial login: [ 3570.673732] NMI watchdog: BUG: soft lockup - CPU#1 stuck for 26s! [vminfo:1260]
[ 3610.410140] NMI watchdog: BUG: soft lockup - CPU#0 stuck for 24s! [timesync:1259]
[ 3634.360872] INFO: rcu_sched self-detected stall on CPU[ 3634.362367] INFO: rcu_sched detected stalls on CPUs/tasks:[ 3634.362371] 	1-...: (1 GPs behind) idle=ab3/140000000000002/0 softirq=18029/18031 fqs=1 
[ 3634.362372] 	[ 3634.362399] rcu_sched kthread starved for 15922 jiffies! g5479 c5478 f0x0 s3 ->state=0x1

[ 3634.365701] 	1-...: (1 GPs behind) idle=ab3/140000000000002/0 softirq=18029/18031 fqs=1 
[ 3634.366698] 	 (t=22912 jiffies g=5479 c=5478 q=48)
[ 3634.367303] rcu_sched kthread starved for 15922 jiffies! g5479 c5478 f0x2 s3 ->state=0x0
